99.03.09 15:30 B D:\Lessons\BudgetSim\edu\iastate\csl\util\AppletRecorder.class --> classnet3.cc.iastate.edu /afs/iastate.edu/users/16/20/hollerla/WWW/BudSim/edu/iastate/csl/util/edu/iastate/csl/util AppletRecorder.class
99.03.09 15:30 B D:\Lessons\BudgetSim\edu\iastate\csl\util\AppletRecorder.java --> classnet3.cc.iastate.edu /afs/iastate.edu/users/16/20/hollerla/WWW/BudSim/edu/iastate/csl/util/edu/iastate/csl/util AppletRecorder.java
99.03.09 15:30 B D:\Lessons\BudgetSim\edu\iastate\csl\util\Axis.class --> classnet3.cc.iastate.edu /afs/iastate.edu/users/16/20/hollerla/WWW/BudSim/edu/iastate/csl/util/edu/iastate/csl/util Axis.class
99.03.09 15:30 B D:\Lessons\BudgetSim\edu\iastate\csl\util\Axis.java --> classnet3.cc.iastate.edu /afs/iastate.edu/users/16/20/hollerla/WWW/BudSim/edu/iastate/csl/util/edu/iastate/csl/util Axis.java
99.03.09 15:30 B D:\Lessons\BudgetSim\edu\iastate\csl\util\Canvas3D.class --> classnet3.cc.iastate.edu /afs/iastate.edu/users/16/20/hollerla/WWW/BudSim/edu/iastate/csl/util/edu/iastate/csl/util Canvas3D.class
99.03.09 15:30 B D:\Lessons\BudgetSim\edu\iastate\csl\util\Canvas3D.java --> classnet3.cc.iastate.edu /afs/iastate.edu/users/16/20/hollerla/WWW/BudSim/edu/iastate/csl/util/edu/iastate/csl/util Canvas3D.java
99.03.09 15:30 B D:\Lessons\BudgetSim\edu\iastate\csl\util\ErrorFrame.class --> classnet3.cc.iastate.edu /afs/iastate.edu/users/16/20/hollerla/WWW/BudSim/edu/iastate/csl/util/edu/iastate/csl/util ErrorFrame.class
99.03.09 15:30 B D:\Lessons\BudgetSim\edu\iastate\csl\util\ErrorFrame.java --> classnet3.cc.iastate.edu /afs/iastate.edu/users/16/20/hollerla/WWW/BudSim/edu/iastate/csl/util/edu/iastate/csl/util ErrorFrame.java
99.03.09 15:30 B D:\Lessons\BudgetSim\edu\iastate\csl\util\GetDataFrame.class --> classnet3.cc.iastate.edu /afs/iastate.edu/users/16/20/hollerla/WWW/BudSim/edu/iastate/csl/util/edu/iastate/csl/util GetDataFrame.class
99.03.09 15:30 B D:\Lessons\BudgetSim\edu\iastate\csl\util\GetDataFrame.java --> classnet3.cc.iastate.edu /afs/iastate.edu/users/16/20/hollerla/WWW/BudSim/edu/iastate/csl/util/edu/iastate/csl/util GetDataFrame.java
99.03.09 15:30 B D:\Lessons\BudgetSim\edu\iastate\csl\util\Graph.class --> classnet3.cc.iastate.edu /afs/iastate.edu/users/16/20/hollerla/WWW/BudSim/edu/iastate/csl/util/edu/iastate/csl/util Graph.class
99.03.09 15:30 B D:\Lessons\BudgetSim\edu\iastate\csl\util\Graph.java --> classnet3.cc.iastate.edu /afs/iastate.edu/users/16/20/hollerla/WWW/BudSim/edu/iastate/csl/util/edu/iastate/csl/util Graph.java
99.03.09 15:30 B D:\Lessons\BudgetSim\edu\iastate\csl\util\PlayableApplet.class --> classnet3.cc.iastate.edu /afs/iastate.edu/users/16/20/hollerla/WWW/BudSim/edu/iastate/csl/util/edu/iastate/csl/util PlayableApplet.class
99.03.09 15:30 B D:\Lessons\BudgetSim\edu\iastate\csl\util\PlayableApplet.java --> classnet3.cc.iastate.edu /afs/iastate.edu/users/16/20/hollerla/WWW/BudSim/edu/iastate/csl/util/edu/iastate/csl/util PlayableApplet.java
99.03.09 15:30 B D:\Lessons\BudgetSim\edu\iastate\csl\util\Portrait.class --> classnet3.cc.iastate.edu /afs/iastate.edu/users/16/20/hollerla/WWW/BudSim/edu/iastate/csl/util/edu/iastate/csl/util Portrait.class
99.03.09 15:30 B D:\Lessons\BudgetSim\edu\iastate\csl\util\Portrait.java --> classnet3.cc.iastate.edu /afs/iastate.edu/users/16/20/hollerla/WWW/BudSim/edu/iastate/csl/util/edu/iastate/csl/util Portrait.java
99.03.09 15:32 B D:\Lessons\BudgetSim\edu\iastate\csl\util\AppletRecorder.class --> classnet3.cc.iastate.edu /afs/iastate.edu/users/16/20/hollerla/WWW/BudSim/edu/iastate/csl/util AppletRecorder.class
99.03.09 15:32 B D:\Lessons\BudgetSim\edu\iastate\csl\util\AppletRecorder.java --> classnet3.cc.iastate.edu /afs/iastate.edu/users/16/20/hollerla/WWW/BudSim/edu/iastate/csl/util AppletRecorder.java
99.03.09 15:32 B D:\Lessons\BudgetSim\edu\iastate\csl\util\Axis.class --> classnet3.cc.iastate.edu /afs/iastate.edu/users/16/20/hollerla/WWW/BudSim/edu/iastate/csl/util Axis.class
99.03.09 15:32 B D:\Lessons\BudgetSim\edu\iastate\csl\util\Axis.java --> classnet3.cc.iastate.edu /afs/iastate.edu/users/16/20/hollerla/WWW/BudSim/edu/iastate/csl/util Axis.java
99.03.09 15:32 B D:\Lessons\BudgetSim\edu\iastate\csl\util\Canvas3D.class --> classnet3.cc.iastate.edu /afs/iastate.edu/users/16/20/hollerla/WWW/BudSim/edu/iastate/csl/util Canvas3D.class
99.03.09 15:32 B D:\Lessons\BudgetSim\edu\iastate\csl\util\Canvas3D.java --> classnet3.cc.iastate.edu /afs/iastate.edu/users/16/20/hollerla/WWW/BudSim/edu/iastate/csl/util Canvas3D.java
99.03.09 15:32 B D:\Lessons\BudgetSim\edu\iastate\csl\util\ErrorFrame.class --> classnet3.cc.iastate.edu /afs/iastate.edu/users/16/20/hollerla/WWW/BudSim/edu/iastate/csl/util ErrorFrame.class
99.03.09 15:32 B D:\Lessons\BudgetSim\edu\iastate\csl\util\ErrorFrame.java --> classnet3.cc.iastate.edu /afs/iastate.edu/users/16/20/hollerla/WWW/BudSim/edu/iastate/csl/util ErrorFrame.java
99.03.09 15:32 B D:\Lessons\BudgetSim\edu\iastate\csl\util\GetDataFrame.class --> classnet3.cc.iastate.edu /afs/iastate.edu/users/16/20/hollerla/WWW/BudSim/edu/iastate/csl/util GetDataFrame.class
99.03.09 15:32 B D:\Lessons\BudgetSim\edu\iastate\csl\util\GetDataFrame.java --> classnet3.cc.iastate.edu /afs/iastate.edu/users/16/20/hollerla/WWW/BudSim/edu/iastate/csl/util GetDataFrame.java
99.03.09 15:32 B D:\Lessons\BudgetSim\edu\iastate\csl\util\Graph.class --> classnet3.cc.iastate.edu /afs/iastate.edu/users/16/20/hollerla/WWW/BudSim/edu/iastate/csl/util Graph.class
99.03.09 15:32 B D:\Lessons\BudgetSim\edu\iastate\csl\util\Graph.java --> classnet3.cc.iastate.edu /afs/iastate.edu/users/16/20/hollerla/WWW/BudSim/edu/iastate/csl/util Graph.java
99.03.09 15:32 B D:\Lessons\BudgetSim\edu\iastate\csl\util\PlayableApplet.class --> classnet3.cc.iastate.edu /afs/iastate.edu/users/16/20/hollerla/WWW/BudSim/edu/iastate/csl/util PlayableApplet.class
99.03.09 15:32 B D:\Lessons\BudgetSim\edu\iastate\csl\util\PlayableApplet.java --> classnet3.cc.iastate.edu /afs/iastate.edu/users/16/20/hollerla/WWW/BudSim/edu/iastate/csl/util PlayableApplet.java
99.03.09 15:32 B D:\Lessons\BudgetSim\edu\iastate\csl\util\Portrait.class --> classnet3.cc.iastate.edu /afs/iastate.edu/users/16/20/hollerla/WWW/BudSim/edu/iastate/csl/util Portrait.class
99.03.09 15:32 B D:\Lessons\BudgetSim\edu\iastate\csl\util\Portrait.java --> classnet3.cc.iastate.edu /afs/iastate.edu/users/16/20/hollerla/WWW/BudSim/edu/iastate/csl/util Portrait.java
